<?xml version="1.0" encoding="UTF-8"?>
<TestRun id="cf0ae26c-cbf9-44c7-8a5d-ed0bf159b533" name="ruiking@RUIKING-PC 2017-01-18 10:47:55" runUser="ruiking-PC\ruiking" xmlns="http://microsoft.com/schemas/VisualStudio/TeamTest/2010">
  <TestSettings name="本地" id="d5d3a817-668b-4096-85a8-9c7aba3eda4b">
    <Description>这些设置为本地测试运行的默认测试设置。</Description>
    <Deployment runDeploymentRoot="ruiking_RUIKING-PC 2017-01-18 10_47_55">
      <DeploymentItem filename="C:\gitfile\msgTest\CUnitTest1\CUnitTest1\bin\Debug\CUnitTest1.exe" />
    </Deployment>
    <Execution>
      <TestTypeSpecific>
        <UnitTestRunConfig testTypeId="13cdc9d9-ddb5-4fa4-a97d-d965ccfc6d4b">
          <AssemblyResolution>
            <TestDirectory useLoadContext="true" />
          </AssemblyResolution>
        </UnitTestRunConfig>
        <WebTestRunConfiguration testTypeId="4e7599fa-5ecb-43e9-a887-cd63cf72d207">
          <Browser name="Internet Explorer 7.0">
            <Headers>
              <Header name="User-Agent" value="Mozilla/4.0 (compatible; MSIE 7.0; Windows NT 5.1)" />
              <Header name="Accept" value="*/*" />
              <Header name="Accept-Language" value="{{$IEAcceptLanguage}}" />
              <Header name="Accept-Encoding" value="GZIP" />
            </Headers>
          </Browser>
        </WebTestRunConfiguration>
      </TestTypeSpecific>
      <AgentRule name="LocalMachineDefaultRole">
        <DataCollectors>
          <DataCollector uri="datacollector://microsoft/CodeCoverage/1.0" assemblyQualifiedName="Microsoft.VisualStudio.TestTools.CodeCoverage.CoveragePlugIn, Microsoft.VisualStudio.QualityTools.Plugins.CodeCoverage, Version=10.0.0.0, Culture=neutral, PublicKeyToken=b03f5f7f11d50a3a" friendlyName="代码覆盖率">
            <Configuration>
              <CodeCoverage xmlns="">
                <Regular>
                  <CodeCoverageItem binaryFile="C:\gitfile\msgTest\CUnitTest1\TestProject1\bin\Debug\TestProject1.dll" pdbFile="C:\gitfile\msgTest\CUnitTest1\TestProject1\bin\Debug\TestProject1.instr.pdb" instrumentInPlace="true" />
                </Regular>
              </CodeCoverage>
            </Configuration>
          </DataCollector>
        </DataCollectors>
      </AgentRule>
    </Execution>
  </TestSettings>
  <Times creation="2017-01-18T10:47:55.1567882+08:00" queuing="2017-01-18T10:48:02.4752068+08:00" start="2017-01-18T10:48:02.5932135+08:00" finish="2017-01-18T10:48:09.2095920+08:00" />
  <ResultSummary outcome="Completed">
    <Counters total="4" executed="4" passed="4" error="0" failed="0" timeout="0" aborted="0" inconclusive="0" passedButRunAborted="0" notRunnable="0" notExecuted="0" disconnected="0" warning="0" completed="0" inProgress="0" pending="0" />
    <ResultFiles>
      <ResultFile path="RUIKING-PC\data.coverage" />
    </ResultFiles>
  </ResultSummary>
  <TestDefinitions>
    <UnitTest name="DecTest" storage="c:\gitfile\msgtest\cunittest1\testproject1\bin\debug\testproject1.dll" id="8d48e104-8754-e242-2acd-f98a311ad526">
      <Execution id="4b611f64-f407-4ffd-952f-ff69c9990b70" />
      <TestMethod codeBase="C:/gitfile/msgTest/CUnitTest1/TestProject1/bin/Debug/TestProject1.DLL" adapterTypeName="Microsoft.VisualStudio.TestTools.TestTypes.Unit.UnitTestAdapter, Microsoft.VisualStudio.QualityTools.Tips.UnitTest.Adapter, Version=10.0.0.0, Culture=neutral, PublicKeyToken=b03f5f7f11d50a3a" className="TestProject1.ProgramTest, TestProject1, Version=1.0.0.0, Culture=neutral, PublicKeyToken=null" name="DecTest" />
    </UnitTest>
    <UnitTest name="AddTest" storage="c:\gitfile\msgtest\cunittest1\testproject1\bin\debug\testproject1.dll" id="9652d6f9-90be-c820-c69f-cd431bd8972d">
      <Execution id="0c83deba-c2d6-4d6b-bdfe-4440788e02fb" />
      <TestMethod codeBase="C:/gitfile/msgTest/CUnitTest1/TestProject1/bin/Debug/TestProject1.DLL" adapterTypeName="Microsoft.VisualStudio.TestTools.TestTypes.Unit.UnitTestAdapter, Microsoft.VisualStudio.QualityTools.Tips.UnitTest.Adapter, Version=10.0.0.0, Culture=neutral, PublicKeyToken=b03f5f7f11d50a3a" className="TestProject1.ProgramTest, TestProject1, Version=1.0.0.0, Culture=neutral, PublicKeyToken=null" name="AddTest" />
    </UnitTest>
    <UnitTest name="MulTest" storage="c:\gitfile\msgtest\cunittest1\testproject1\bin\debug\testproject1.dll" id="3c057cfb-d900-8aa1-f048-0f35cd9fd71d">
      <Execution id="d9b69a29-173b-4acf-ae8f-1f107778a0df" />
      <TestMethod codeBase="C:/gitfile/msgTest/CUnitTest1/TestProject1/bin/Debug/TestProject1.DLL" adapterTypeName="Microsoft.VisualStudio.TestTools.TestTypes.Unit.UnitTestAdapter, Microsoft.VisualStudio.QualityTools.Tips.UnitTest.Adapter, Version=10.0.0.0, Culture=neutral, PublicKeyToken=b03f5f7f11d50a3a" className="TestProject1.ProgramTest, TestProject1, Version=1.0.0.0, Culture=neutral, PublicKeyToken=null" name="MulTest" />
    </UnitTest>
    <UnitTest name="DivTest" storage="c:\gitfile\msgtest\cunittest1\testproject1\bin\debug\testproject1.dll" id="7707bd54-7270-8ef8-bae6-a6c7665b4604">
      <Execution id="b002cc5b-23ef-4a6e-8902-39ac38408b4b" />
      <TestMethod codeBase="C:/gitfile/msgTest/CUnitTest1/TestProject1/bin/Debug/TestProject1.DLL" adapterTypeName="Microsoft.VisualStudio.TestTools.TestTypes.Unit.UnitTestAdapter, Microsoft.VisualStudio.QualityTools.Tips.UnitTest.Adapter, Version=10.0.0.0, Culture=neutral, PublicKeyToken=b03f5f7f11d50a3a" className="TestProject1.ProgramTest, TestProject1, Version=1.0.0.0, Culture=neutral, PublicKeyToken=null" name="DivTest" />
    </UnitTest>
  </TestDefinitions>
  <TestLists>
    <TestList name="列表中未列出的结果" id="8c84fa94-04c1-424b-9868-57a2d4851a1d" />
    <TestList name="所有已加载的结果" id="19431567-8539-422a-85d7-44ee4e166bda" />
  </TestLists>
  <TestEntries>
    <TestEntry testId="3c057cfb-d900-8aa1-f048-0f35cd9fd71d" executionId="d9b69a29-173b-4acf-ae8f-1f107778a0df" testListId="8c84fa94-04c1-424b-9868-57a2d4851a1d" />
    <TestEntry testId="7707bd54-7270-8ef8-bae6-a6c7665b4604" executionId="b002cc5b-23ef-4a6e-8902-39ac38408b4b" testListId="8c84fa94-04c1-424b-9868-57a2d4851a1d" />
    <TestEntry testId="8d48e104-8754-e242-2acd-f98a311ad526" executionId="4b611f64-f407-4ffd-952f-ff69c9990b70" testListId="8c84fa94-04c1-424b-9868-57a2d4851a1d" />
    <TestEntry testId="9652d6f9-90be-c820-c69f-cd431bd8972d" executionId="0c83deba-c2d6-4d6b-bdfe-4440788e02fb" testListId="8c84fa94-04c1-424b-9868-57a2d4851a1d" />
  </TestEntries>
  <Results>
    <UnitTestResult executionId="d9b69a29-173b-4acf-ae8f-1f107778a0df" testId="3c057cfb-d900-8aa1-f048-0f35cd9fd71d" testName="MulTest" computerName="RUIKING-PC" duration="00:00:00.1302783" startTime="2017-01-18T10:48:05.6903907+08:00" endTime="2017-01-18T10:48:06.4574346+08:00" testType="13cdc9d9-ddb5-4fa4-a97d-d965ccfc6d4b" outcome="Passed" testListId="8c84fa94-04c1-424b-9868-57a2d4851a1d" relativeResultsDirectory="d9b69a29-173b-4acf-ae8f-1f107778a0df">
    </UnitTestResult>
    <UnitTestResult executionId="b002cc5b-23ef-4a6e-8902-39ac38408b4b" testId="7707bd54-7270-8ef8-bae6-a6c7665b4604" testName="DivTest" computerName="RUIKING-PC" duration="00:00:00.0003489" startTime="2017-01-18T10:48:06.4654350+08:00" endTime="2017-01-18T10:48:06.4714354+08:00" testType="13cdc9d9-ddb5-4fa4-a97d-d965ccfc6d4b" outcome="Passed" testListId="8c84fa94-04c1-424b-9868-57a2d4851a1d" relativeResultsDirectory="b002cc5b-23ef-4a6e-8902-39ac38408b4b">
    </UnitTestResult>
    <UnitTestResult executionId="4b611f64-f407-4ffd-952f-ff69c9990b70" testId="8d48e104-8754-e242-2acd-f98a311ad526" testName="DecTest" computerName="RUIKING-PC" duration="00:00:00.0003545" startTime="2017-01-18T10:48:06.4744355+08:00" endTime="2017-01-18T10:48:06.4794358+08:00" testType="13cdc9d9-ddb5-4fa4-a97d-d965ccfc6d4b" outcome="Passed" testListId="8c84fa94-04c1-424b-9868-57a2d4851a1d" relativeResultsDirectory="4b611f64-f407-4ffd-952f-ff69c9990b70">
    </UnitTestResult>
    <UnitTestResult executionId="0c83deba-c2d6-4d6b-bdfe-4440788e02fb" testId="9652d6f9-90be-c820-c69f-cd431bd8972d" testName="AddTest" computerName="RUIKING-PC" duration="00:00:00.0003472" startTime="2017-01-18T10:48:06.4814359+08:00" endTime="2017-01-18T10:48:06.4864362+08:00" testType="13cdc9d9-ddb5-4fa4-a97d-d965ccfc6d4b" outcome="Passed" testListId="8c84fa94-04c1-424b-9868-57a2d4851a1d" relativeResultsDirectory="0c83deba-c2d6-4d6b-bdfe-4440788e02fb">
    </UnitTestResult>
  </Results>
</TestRun>