<?xml version="1.0" encoding="UTF-8"?>
<TestRun id="f1167b67-687f-4b84-be43-b133456400b6" name="ruiking@RUIKING-PC 2017-01-17 23:21:37" runUser="ruiking-PC\ruiking" xmlns="http://microsoft.com/schemas/VisualStudio/TeamTest/2010">
  <TestSettings name="本地" id="d5d3a817-668b-4096-85a8-9c7aba3eda4b">
    <Description>这些设置为本地测试运行的默认测试设置。</Description>
    <Deployment enabled="false" runDeploymentRoot="ruiking_RUIKING-PC 2017-01-17 23_21_37">
      <DeploymentItem filename="c:\users\ruiking\documents\visual studio 2010\Projects\CUnitTest1\CUnitTest1\bin\Debug\CUnitTest1.exe" />
    </Deployment>
    <Execution>
      <TestTypeSpecific>
        <UnitTestRunConfig testTypeId="13cdc9d9-ddb5-4fa4-a97d-d965ccfc6d4b">
          <AssemblyResolution>
            <TestDirectory useLoadContext="true" />
          </AssemblyResolution>
        </UnitTestRunConfig>
        <WebTestRunConfiguration testTypeId="4e7599fa-5ecb-43e9-a887-cd63cf72d207">
          <Browser name="Internet Explorer 7.0">
            <Headers>
              <Header name="User-Agent" value="Mozilla/4.0 (compatible; MSIE 7.0; Windows NT 5.1)" />
              <Header name="Accept" value="*/*" />
              <Header name="Accept-Language" value="{{$IEAcceptLanguage}}" />
              <Header name="Accept-Encoding" value="GZIP" />
            </Headers>
          </Browser>
        </WebTestRunConfiguration>
      </TestTypeSpecific>
      <AgentRule name="LocalMachineDefaultRole">
      </AgentRule>
    </Execution>
  </TestSettings>
  <Times creation="2017-01-17T23:21:37.9998072+08:00" queuing="2017-01-17T23:21:52.9006595+08:00" start="2017-01-17T23:21:53.5546969+08:00" finish="2017-01-17T23:21:54.3277411+08:00" />
  <ResultSummary outcome="Completed">
    <Counters total="4" executed="4" passed="4" error="0" failed="0" timeout="0" aborted="0" inconclusive="0" passedButRunAborted="0" notRunnable="0" notExecuted="0" disconnected="0" warning="0" completed="0" inProgress="0" pending="0" />
  </ResultSummary>
  <TestDefinitions>
    <UnitTest name="DecTest" storage="c:\users\ruiking\documents\visual studio 2010\projects\cunittest1\testproject1\bin\debug\testproject1.dll" id="8d48e104-8754-e242-2acd-f98a311ad526">
      <Execution id="1a600948-4270-4757-a43a-4e5f5167cbe3" />
      <TestMethod codeBase="C:/Users/ruiking/Documents/Visual Studio 2010/Projects/CUnitTest1/TestProject1/bin/Debug/TestProject1.DLL" adapterTypeName="Microsoft.VisualStudio.TestTools.TestTypes.Unit.UnitTestAdapter, Microsoft.VisualStudio.QualityTools.Tips.UnitTest.Adapter, Version=10.0.0.0, Culture=neutral, PublicKeyToken=b03f5f7f11d50a3a" className="TestProject1.ProgramTest, TestProject1, Version=1.0.0.0, Culture=neutral, PublicKeyToken=null" name="DecTest" />
    </UnitTest>
    <UnitTest name="AddTest" storage="c:\users\ruiking\documents\visual studio 2010\projects\cunittest1\testproject1\bin\debug\testproject1.dll" id="9652d6f9-90be-c820-c69f-cd431bd8972d">
      <Execution id="36608496-e9e5-47c6-92af-8338eee25ce6" />
      <TestMethod codeBase="C:/Users/ruiking/Documents/Visual Studio 2010/Projects/CUnitTest1/TestProject1/bin/Debug/TestProject1.DLL" adapterTypeName="Microsoft.VisualStudio.TestTools.TestTypes.Unit.UnitTestAdapter, Microsoft.VisualStudio.QualityTools.Tips.UnitTest.Adapter, Version=10.0.0.0, Culture=neutral, PublicKeyToken=b03f5f7f11d50a3a" className="TestProject1.ProgramTest, TestProject1, Version=1.0.0.0, Culture=neutral, PublicKeyToken=null" name="AddTest" />
    </UnitTest>
    <UnitTest name="MulTest" storage="c:\users\ruiking\documents\visual studio 2010\projects\cunittest1\testproject1\bin\debug\testproject1.dll" id="3c057cfb-d900-8aa1-f048-0f35cd9fd71d">
      <Execution id="89a345d0-7d42-4007-985e-9b951f9d91bb" />
      <TestMethod codeBase="C:/Users/ruiking/Documents/Visual Studio 2010/Projects/CUnitTest1/TestProject1/bin/Debug/TestProject1.DLL" adapterTypeName="Microsoft.VisualStudio.TestTools.TestTypes.Unit.UnitTestAdapter, Microsoft.VisualStudio.QualityTools.Tips.UnitTest.Adapter, Version=10.0.0.0, Culture=neutral, PublicKeyToken=b03f5f7f11d50a3a" className="TestProject1.ProgramTest, TestProject1, Version=1.0.0.0, Culture=neutral, PublicKeyToken=null" name="MulTest" />
    </UnitTest>
    <UnitTest name="DivTest" storage="c:\users\ruiking\documents\visual studio 2010\projects\cunittest1\testproject1\bin\debug\testproject1.dll" id="7707bd54-7270-8ef8-bae6-a6c7665b4604">
      <Execution id="ac00c0a7-b7ec-4f45-87bd-30db3ec29d47" />
      <TestMethod codeBase="C:/Users/ruiking/Documents/Visual Studio 2010/Projects/CUnitTest1/TestProject1/bin/Debug/TestProject1.DLL" adapterTypeName="Microsoft.VisualStudio.TestTools.TestTypes.Unit.UnitTestAdapter, Microsoft.VisualStudio.QualityTools.Tips.UnitTest.Adapter, Version=10.0.0.0, Culture=neutral, PublicKeyToken=b03f5f7f11d50a3a" className="TestProject1.ProgramTest, TestProject1, Version=1.0.0.0, Culture=neutral, PublicKeyToken=null" name="DivTest" />
    </UnitTest>
  </TestDefinitions>
  <TestLists>
    <TestList name="列表中未列出的结果" id="8c84fa94-04c1-424b-9868-57a2d4851a1d" />
    <TestList name="所有已加载的结果" id="19431567-8539-422a-85d7-44ee4e166bda" />
  </TestLists>
  <TestEntries>
    <TestEntry testId="3c057cfb-d900-8aa1-f048-0f35cd9fd71d" executionId="89a345d0-7d42-4007-985e-9b951f9d91bb" testListId="8c84fa94-04c1-424b-9868-57a2d4851a1d" />
    <TestEntry testId="7707bd54-7270-8ef8-bae6-a6c7665b4604" executionId="ac00c0a7-b7ec-4f45-87bd-30db3ec29d47" testListId="8c84fa94-04c1-424b-9868-57a2d4851a1d" />
    <TestEntry testId="8d48e104-8754-e242-2acd-f98a311ad526" executionId="1a600948-4270-4757-a43a-4e5f5167cbe3" testListId="8c84fa94-04c1-424b-9868-57a2d4851a1d" />
    <TestEntry testId="9652d6f9-90be-c820-c69f-cd431bd8972d" executionId="36608496-e9e5-47c6-92af-8338eee25ce6" testListId="8c84fa94-04c1-424b-9868-57a2d4851a1d" />
  </TestEntries>
  <Results>
    <UnitTestResult executionId="89a345d0-7d42-4007-985e-9b951f9d91bb" testId="3c057cfb-d900-8aa1-f048-0f35cd9fd71d" testName="MulTest" computerName="RUIKING-PC" duration="00:00:00.0192240" startTime="2017-01-17T23:21:53.6117002+08:00" endTime="2017-01-17T23:21:54.2117345+08:00" testType="13cdc9d9-ddb5-4fa4-a97d-d965ccfc6d4b" outcome="Passed" testListId="8c84fa94-04c1-424b-9868-57a2d4851a1d" relativeResultsDirectory="89a345d0-7d42-4007-985e-9b951f9d91bb">
    </UnitTestResult>
    <UnitTestResult executionId="ac00c0a7-b7ec-4f45-87bd-30db3ec29d47" testId="7707bd54-7270-8ef8-bae6-a6c7665b4604" testName="DivTest" computerName="RUIKING-PC" duration="00:00:00.0003292" startTime="2017-01-17T23:21:54.2247352+08:00" endTime="2017-01-17T23:21:54.2367359+08:00" testType="13cdc9d9-ddb5-4fa4-a97d-d965ccfc6d4b" outcome="Passed" testListId="8c84fa94-04c1-424b-9868-57a2d4851a1d" relativeResultsDirectory="ac00c0a7-b7ec-4f45-87bd-30db3ec29d47">
    </UnitTestResult>
    <UnitTestResult executionId="1a600948-4270-4757-a43a-4e5f5167cbe3" testId="8d48e104-8754-e242-2acd-f98a311ad526" testName="DecTest" computerName="RUIKING-PC" duration="00:00:00.0003023" startTime="2017-01-17T23:21:54.2437363+08:00" endTime="2017-01-17T23:21:54.2507367+08:00" testType="13cdc9d9-ddb5-4fa4-a97d-d965ccfc6d4b" outcome="Passed" testListId="8c84fa94-04c1-424b-9868-57a2d4851a1d" relativeResultsDirectory="1a600948-4270-4757-a43a-4e5f5167cbe3">
    </UnitTestResult>
    <UnitTestResult executionId="36608496-e9e5-47c6-92af-8338eee25ce6" testId="9652d6f9-90be-c820-c69f-cd431bd8972d" testName="AddTest" computerName="RUIKING-PC" duration="00:00:00.0003104" startTime="2017-01-17T23:21:54.2587372+08:00" endTime="2017-01-17T23:21:54.2657376+08:00" testType="13cdc9d9-ddb5-4fa4-a97d-d965ccfc6d4b" outcome="Passed" testListId="8c84fa94-04c1-424b-9868-57a2d4851a1d" relativeResultsDirectory="36608496-e9e5-47c6-92af-8338eee25ce6">
    </UnitTestResult>
  </Results>
</TestRun>