<?xml version="1.0" encoding="UTF-8"?>
<TestRun id="f6c4a411-db4f-41a6-9786-10c74e1ddaa9" name="ruiking@RUIKING-PC 2017-01-17 23:33:29" runUser="ruiking-PC\ruiking" xmlns="http://microsoft.com/schemas/VisualStudio/TeamTest/2010">
  <TestSettings name="本地" id="d5d3a817-668b-4096-85a8-9c7aba3eda4b">
    <Description>这些设置为本地测试运行的默认测试设置。</Description>
    <Deployment runDeploymentRoot="ruiking_RUIKING-PC 2017-01-17 23_33_29">
      <DeploymentItem filename="c:\users\ruiking\documents\visual studio 2010\Projects\CUnitTest1\CUnitTest1\bin\Debug\CUnitTest1.exe" />
    </Deployment>
    <Execution>
      <TestTypeSpecific>
        <UnitTestRunConfig testTypeId="13cdc9d9-ddb5-4fa4-a97d-d965ccfc6d4b">
          <AssemblyResolution>
            <TestDirectory useLoadContext="true" />
          </AssemblyResolution>
        </UnitTestRunConfig>
        <WebTestRunConfiguration testTypeId="4e7599fa-5ecb-43e9-a887-cd63cf72d207">
          <Browser name="Internet Explorer 7.0">
            <Headers>
              <Header name="User-Agent" value="Mozilla/4.0 (compatible; MSIE 7.0; Windows NT 5.1)" />
              <Header name="Accept" value="*/*" />
              <Header name="Accept-Language" value="{{$IEAcceptLanguage}}" />
              <Header name="Accept-Encoding" value="GZIP" />
            </Headers>
          </Browser>
        </WebTestRunConfiguration>
      </TestTypeSpecific>
      <AgentRule name="LocalMachineDefaultRole">
        <DataCollectors>
          <DataCollector uri="datacollector://microsoft/CodeCoverage/1.0" assemblyQualifiedName="Microsoft.VisualStudio.TestTools.CodeCoverage.CoveragePlugIn, Microsoft.VisualStudio.QualityTools.Plugins.CodeCoverage, Version=10.0.0.0, Culture=neutral, PublicKeyToken=b03f5f7f11d50a3a" friendlyName="代码覆盖率">
            <Configuration>
              <CodeCoverage xmlns="">
                <Regular>
                  <CodeCoverageItem binaryFile="C:\Users\ruiking\Documents\Visual Studio 2010\Projects\CUnitTest1\TestProject1\bin\Debug\TestProject1.dll" pdbFile="C:\Users\ruiking\Documents\Visual Studio 2010\Projects\CUnitTest1\TestProject1\bin\Debug\TestProject1.instr.pdb" instrumentInPlace="true" />
                </Regular>
              </CodeCoverage>
            </Configuration>
          </DataCollector>
        </DataCollectors>
      </AgentRule>
    </Execution>
  </TestSettings>
  <Times creation="2017-01-17T23:33:29.1554830+08:00" queuing="2017-01-17T23:33:30.6395679+08:00" start="2017-01-17T23:33:30.7055717+08:00" finish="2017-01-17T23:33:34.3297790+08:00" />
  <ResultSummary outcome="Completed">
    <Counters total="4" executed="4" passed="4" error="0" failed="0" timeout="0" aborted="0" inconclusive="0" passedButRunAborted="0" notRunnable="0" notExecuted="0" disconnected="0" warning="0" completed="0" inProgress="0" pending="0" />
    <ResultFiles>
      <ResultFile path="RUIKING-PC\data.coverage" />
    </ResultFiles>
  </ResultSummary>
  <TestDefinitions>
    <UnitTest name="DecTest" storage="c:\users\ruiking\documents\visual studio 2010\projects\cunittest1\testproject1\bin\debug\testproject1.dll" id="8d48e104-8754-e242-2acd-f98a311ad526">
      <Execution id="74f587f8-2176-4ff0-a3a9-bf0a01f78ac7" />
      <TestMethod codeBase="C:/Users/ruiking/Documents/Visual Studio 2010/Projects/CUnitTest1/TestProject1/bin/Debug/TestProject1.DLL" adapterTypeName="Microsoft.VisualStudio.TestTools.TestTypes.Unit.UnitTestAdapter, Microsoft.VisualStudio.QualityTools.Tips.UnitTest.Adapter, Version=10.0.0.0, Culture=neutral, PublicKeyToken=b03f5f7f11d50a3a" className="TestProject1.ProgramTest, TestProject1, Version=1.0.0.0, Culture=neutral, PublicKeyToken=null" name="DecTest" />
    </UnitTest>
    <UnitTest name="AddTest" storage="c:\users\ruiking\documents\visual studio 2010\projects\cunittest1\testproject1\bin\debug\testproject1.dll" id="9652d6f9-90be-c820-c69f-cd431bd8972d">
      <Execution id="acab709c-e86f-43f9-b2cc-7e882673bbc0" />
      <TestMethod codeBase="C:/Users/ruiking/Documents/Visual Studio 2010/Projects/CUnitTest1/TestProject1/bin/Debug/TestProject1.DLL" adapterTypeName="Microsoft.VisualStudio.TestTools.TestTypes.Unit.UnitTestAdapter, Microsoft.VisualStudio.QualityTools.Tips.UnitTest.Adapter, Version=10.0.0.0, Culture=neutral, PublicKeyToken=b03f5f7f11d50a3a" className="TestProject1.ProgramTest, TestProject1, Version=1.0.0.0, Culture=neutral, PublicKeyToken=null" name="AddTest" />
    </UnitTest>
    <UnitTest name="MulTest" storage="c:\users\ruiking\documents\visual studio 2010\projects\cunittest1\testproject1\bin\debug\testproject1.dll" id="3c057cfb-d900-8aa1-f048-0f35cd9fd71d">
      <Execution id="81dbbb6a-c1ed-4af6-b1e1-015d170283ea" />
      <TestMethod codeBase="C:/Users/ruiking/Documents/Visual Studio 2010/Projects/CUnitTest1/TestProject1/bin/Debug/TestProject1.DLL" adapterTypeName="Microsoft.VisualStudio.TestTools.TestTypes.Unit.UnitTestAdapter, Microsoft.VisualStudio.QualityTools.Tips.UnitTest.Adapter, Version=10.0.0.0, Culture=neutral, PublicKeyToken=b03f5f7f11d50a3a" className="TestProject1.ProgramTest, TestProject1, Version=1.0.0.0, Culture=neutral, PublicKeyToken=null" name="MulTest" />
    </UnitTest>
    <UnitTest name="DivTest" storage="c:\users\ruiking\documents\visual studio 2010\projects\cunittest1\testproject1\bin\debug\testproject1.dll" id="7707bd54-7270-8ef8-bae6-a6c7665b4604">
      <Execution id="25255fdd-65c0-4b38-8be7-357d6dc6b256" />
      <TestMethod codeBase="C:/Users/ruiking/Documents/Visual Studio 2010/Projects/CUnitTest1/TestProject1/bin/Debug/TestProject1.DLL" adapterTypeName="Microsoft.VisualStudio.TestTools.TestTypes.Unit.UnitTestAdapter, Microsoft.VisualStudio.QualityTools.Tips.UnitTest.Adapter, Version=10.0.0.0, Culture=neutral, PublicKeyToken=b03f5f7f11d50a3a" className="TestProject1.ProgramTest, TestProject1, Version=1.0.0.0, Culture=neutral, PublicKeyToken=null" name="DivTest" />
    </UnitTest>
  </TestDefinitions>
  <TestLists>
    <TestList name="列表中未列出的结果" id="8c84fa94-04c1-424b-9868-57a2d4851a1d" />
    <TestList name="所有已加载的结果" id="19431567-8539-422a-85d7-44ee4e166bda" />
  </TestLists>
  <TestEntries>
    <TestEntry testId="3c057cfb-d900-8aa1-f048-0f35cd9fd71d" executionId="81dbbb6a-c1ed-4af6-b1e1-015d170283ea" testListId="8c84fa94-04c1-424b-9868-57a2d4851a1d" />
    <TestEntry testId="7707bd54-7270-8ef8-bae6-a6c7665b4604" executionId="25255fdd-65c0-4b38-8be7-357d6dc6b256" testListId="8c84fa94-04c1-424b-9868-57a2d4851a1d" />
    <TestEntry testId="8d48e104-8754-e242-2acd-f98a311ad526" executionId="74f587f8-2176-4ff0-a3a9-bf0a01f78ac7" testListId="8c84fa94-04c1-424b-9868-57a2d4851a1d" />
    <TestEntry testId="9652d6f9-90be-c820-c69f-cd431bd8972d" executionId="acab709c-e86f-43f9-b2cc-7e882673bbc0" testListId="8c84fa94-04c1-424b-9868-57a2d4851a1d" />
  </TestEntries>
  <Results>
    <UnitTestResult executionId="81dbbb6a-c1ed-4af6-b1e1-015d170283ea" testId="3c057cfb-d900-8aa1-f048-0f35cd9fd71d" testName="MulTest" computerName="RUIKING-PC" duration="00:00:00.0461681" startTime="2017-01-17T23:33:32.2806618+08:00" endTime="2017-01-17T23:33:32.5136751+08:00" testType="13cdc9d9-ddb5-4fa4-a97d-d965ccfc6d4b" outcome="Passed" testListId="8c84fa94-04c1-424b-9868-57a2d4851a1d" relativeResultsDirectory="81dbbb6a-c1ed-4af6-b1e1-015d170283ea">
    </UnitTestResult>
    <UnitTestResult executionId="25255fdd-65c0-4b38-8be7-357d6dc6b256" testId="7707bd54-7270-8ef8-bae6-a6c7665b4604" testName="DivTest" computerName="RUIKING-PC" duration="00:00:00.0003121" startTime="2017-01-17T23:33:32.5166753+08:00" endTime="2017-01-17T23:33:32.5216755+08:00" testType="13cdc9d9-ddb5-4fa4-a97d-d965ccfc6d4b" outcome="Passed" testListId="8c84fa94-04c1-424b-9868-57a2d4851a1d" relativeResultsDirectory="25255fdd-65c0-4b38-8be7-357d6dc6b256">
    </UnitTestResult>
    <UnitTestResult executionId="74f587f8-2176-4ff0-a3a9-bf0a01f78ac7" testId="8d48e104-8754-e242-2acd-f98a311ad526" testName="DecTest" computerName="RUIKING-PC" duration="00:00:00.0002899" startTime="2017-01-17T23:33:32.5236757+08:00" endTime="2017-01-17T23:33:32.5286759+08:00" testType="13cdc9d9-ddb5-4fa4-a97d-d965ccfc6d4b" outcome="Passed" testListId="8c84fa94-04c1-424b-9868-57a2d4851a1d" relativeResultsDirectory="74f587f8-2176-4ff0-a3a9-bf0a01f78ac7">
    </UnitTestResult>
    <UnitTestResult executionId="acab709c-e86f-43f9-b2cc-7e882673bbc0" testId="9652d6f9-90be-c820-c69f-cd431bd8972d" testName="AddTest" computerName="RUIKING-PC" duration="00:00:00.0002865" startTime="2017-01-17T23:33:32.5366764+08:00" endTime="2017-01-17T23:33:32.5426767+08:00" testType="13cdc9d9-ddb5-4fa4-a97d-d965ccfc6d4b" outcome="Passed" testListId="8c84fa94-04c1-424b-9868-57a2d4851a1d" relativeResultsDirectory="acab709c-e86f-43f9-b2cc-7e882673bbc0">
    </UnitTestResult>
  </Results>
</TestRun>